<?xml version="1.0" encoding="UTF-8"?>
<coverage generated="1751495803274" clover="3.2.0">
  <project timestamp="1751495803274" name="All files">
    <metrics statements="40" coveredstatements="32" conditionals="11" coveredconditionals="10" methods="26" coveredmethods="22" elements="77" coveredelements="64" complexity="0" loc="40" ncloc="40" packages="1" files="2" classes="2"/>
    <file name="soma.ts" path="/home/bonamigo/git/testes-unitarios/jest/basicos/src/soma.ts">
      <metrics statements="10" coveredstatements="5" conditionals="1" coveredconditionals="0" methods="4" coveredmethods="1"/>
      <line num="1" count="1" type="stmt"/>
      <line num="2" count="4" type="stmt"/>
      <line num="5" count="1" type="stmt"/>
      <line num="6" count="0" type="stmt"/>
      <line num="9" count="1" type="stmt"/>
      <line num="10" count="0" type="stmt"/>
      <line num="13" count="1" type="stmt"/>
      <line num="14" count="0" type="cond" truecount="0" falsecount="1"/>
      <line num="15" count="0" type="stmt"/>
      <line num="17" count="0" type="stmt"/>
    </file>
    <file name="utils.ts" path="/home/bonamigo/git/testes-unitarios/jest/basicos/src/utils.ts">
      <metrics statements="30" coveredstatements="27" conditionals="10" coveredconditionals="10" methods="22" coveredmethods="21"/>
      <line num="1" count="4" type="stmt"/>
      <line num="3" count="9" type="cond" truecount="2" falsecount="0"/>
      <line num="8" count="9" type="cond" truecount="2" falsecount="0"/>
      <line num="12" count="36" type="stmt"/>
      <line num="16" count="3" type="stmt"/>
      <line num="20" count="9" type="cond" truecount="1" falsecount="0"/>
      <line num="21" count="28" type="cond" truecount="2" falsecount="0"/>
      <line num="22" count="20" type="stmt"/>
      <line num="24" count="1" type="stmt"/>
      <line num="26" count="21" type="stmt"/>
      <line num="30" count="8" type="cond" truecount="1" falsecount="0"/>
      <line num="31" count="42" type="stmt"/>
      <line num="33" count="1" type="stmt"/>
      <line num="35" count="7" type="stmt"/>
      <line num="39" count="5" type="cond" truecount="1" falsecount="0"/>
      <line num="41" count="4" type="stmt"/>
      <line num="42" count="8" type="stmt"/>
      <line num="47" count="8" type="stmt"/>
      <line num="51" count="3" type="stmt"/>
      <line num="52" count="5" type="stmt"/>
      <line num="53" count="5" type="stmt"/>
      <line num="58" count="0" type="stmt"/>
      <line num="59" count="0" type="stmt"/>
      <line num="60" count="0" type="stmt"/>
      <line num="64" count="3" type="cond" truecount="1" falsecount="0"/>
      <line num="65" count="1" type="stmt"/>
      <line num="67" count="2" type="stmt"/>
      <line num="71" count="1" type="stmt"/>
      <line num="72" count="1" type="stmt"/>
      <line num="73" count="1" type="stmt"/>
    </file>
  </project>
</coverage>
