{"/home/bonamigo/git/testes-unitarios/jest/basicos/src/soma.ts": {"path":"/home/bonamigo/git/testes-unitarios/jest/basicos/src/soma.ts","statementMap":{"0":{"start":{"line":1,"column":0},"end":{"line":1,"column":16}},"1":{"start":{"line":5,"column":0},"end":{"line":5,"column":16}},"2":{"start":{"line":9,"column":0},"end":{"line":9,"column":16}},"3":{"start":{"line":13,"column":0},"end":{"line":13,"column":16}},"4":{"start":{"line":2,"column":2},"end":{"line":2,"column":15}},"5":{"start":{"line":6,"column":2},"end":{"line":6,"column":15}},"6":{"start":{"line":10,"column":2},"end":{"line":10,"column":15}},"7":{"start":{"line":14,"column":2},"end":{"line":16,"column":3}},"8":{"start":{"line":15,"column":4},"end":{"line":15,"column":57}},"9":{"start":{"line":17,"column":2},"end":{"line":17,"column":15}}},"fnMap":{"0":{"name":"soma","decl":{"start":{"line":1,"column":16},"end":{"line":1,"column":20}},"loc":{"start":{"line":1,"column":41},"end":{"line":3,"column":1}}},"1":{"name":"subtracao","decl":{"start":{"line":5,"column":16},"end":{"line":5,"column":25}},"loc":{"start":{"line":5,"column":46},"end":{"line":7,"column":1}}},"2":{"name":"multiplicacao","decl":{"start":{"line":9,"column":16},"end":{"line":9,"column":29}},"loc":{"start":{"line":9,"column":50},"end":{"line":11,"column":1}}},"3":{"name":"divisao","decl":{"start":{"line":13,"column":16},"end":{"line":13,"column":23}},"loc":{"start":{"line":13,"column":44},"end":{"line":18,"column":1}}}},"branchMap":{"0":{"loc":{"start":{"line":14,"column":2},"end":{"line":16,"column":3}},"type":"if","locations":[{"start":{"line":14,"column":2},"end":{"line":16,"column":3}}]}},"s":{"0":1,"1":1,"2":1,"3":1,"4":4,"5":0,"6":0,"7":0,"8":0,"9":0},"f":{"0":4,"1":0,"2":0,"3":0},"b":{"0":[0]}}
,"/home/bonamigo/git/testes-unitarios/jest/basicos/src/utils.ts": {"path":"/home/bonamigo/git/testes-unitarios/jest/basicos/src/utils.ts","statementMap":{"0":{"start":{"line":3,"column":8},"end":{"line":3,"column":62}},"1":{"start":{"line":8,"column":8},"end":{"line":8,"column":62}},"2":{"start":{"line":12,"column":8},"end":{"line":12,"column":58}},"3":{"start":{"line":12,"column":43},"end":{"line":12,"column":53}},"4":{"start":{"line":16,"column":8},"end":{"line":16,"column":51}},"5":{"start":{"line":20,"column":8},"end":{"line":25,"column":9}},"6":{"start":{"line":21,"column":37},"end":{"line":21,"column":64}},"7":{"start":{"line":22,"column":37},"end":{"line":22,"column":64}},"8":{"start":{"line":24,"column":12},"end":{"line":24,"column":null}},"9":{"start":{"line":26,"column":8},"end":{"line":26,"column":61}},"10":{"start":{"line":26,"column":37},"end":{"line":26,"column":59}},"11":{"start":{"line":30,"column":8},"end":{"line":34,"column":9}},"12":{"start":{"line":31,"column":12},"end":{"line":31,"column":null}},"13":{"start":{"line":33,"column":12},"end":{"line":33,"column":null}},"14":{"start":{"line":35,"column":8},"end":{"line":35,"column":42}},"15":{"start":{"line":39,"column":8},"end":{"line":39,"column":25}},"16":{"start":{"line":39,"column":15},"end":{"line":39,"column":25}},"17":{"start":{"line":41,"column":8},"end":{"line":43,"column":21}},"18":{"start":{"line":42,"column":12},"end":{"line":42,"column":80}},"19":{"start":{"line":47,"column":8},"end":{"line":47,"column":56}},"20":{"start":{"line":47,"column":40},"end":{"line":47,"column":54}},"21":{"start":{"line":51,"column":8},"end":{"line":54,"column":40}},"22":{"start":{"line":52,"column":12},"end":{"line":52,"column":48}},"23":{"start":{"line":53,"column":12},"end":{"line":53,"column":30}},"24":{"start":{"line":58,"column":24},"end":{"line":58,"column":40}},"25":{"start":{"line":59,"column":8},"end":{"line":59,"column":40}},"26":{"start":{"line":60,"column":8},"end":{"line":60,"column":26}},"27":{"start":{"line":64,"column":8},"end":{"line":66,"column":9}},"28":{"start":{"line":65,"column":12},"end":{"line":65,"column":null}},"29":{"start":{"line":67,"column":8},"end":{"line":67,"column":37}},"30":{"start":{"line":71,"column":8},"end":{"line":75,"column":null}},"31":{"start":{"line":72,"column":12},"end":{"line":74,"column":22}},"32":{"start":{"line":73,"column":16},"end":{"line":73,"column":null}},"33":{"start":{"line":1,"column":0},"end":{"line":1,"column":13}}},"fnMap":{"0":{"name":"(anonymous_0)","decl":{"start":{"line":2,"column":4},"end":{"line":2,"column":10}},"loc":{"start":{"line":2,"column":30},"end":{"line":5,"column":5}}},"1":{"name":"(anonymous_1)","decl":{"start":{"line":7,"column":4},"end":{"line":7,"column":10}},"loc":{"start":{"line":7,"column":30},"end":{"line":9,"column":5}}},"2":{"name":"(anonymous_2)","decl":{"start":{"line":11,"column":4},"end":{"line":11,"column":10}},"loc":{"start":{"line":11,"column":30},"end":{"line":13,"column":5}}},"3":{"name":"(anonymous_3)","decl":{"start":{"line":12,"column":28},"end":{"line":12,"column":29}},"loc":{"start":{"line":12,"column":43},"end":{"line":12,"column":53}}},"4":{"name":"(anonymous_4)","decl":{"start":{"line":15,"column":4},"end":{"line":15,"column":10}},"loc":{"start":{"line":15,"column":64},"end":{"line":17,"column":5}}},"5":{"name":"(anonymous_5)","decl":{"start":{"line":19,"column":4},"end":{"line":19,"column":10}},"loc":{"start":{"line":19,"column":56},"end":{"line":27,"column":5}}},"6":{"name":"(anonymous_6)","decl":{"start":{"line":21,"column":24},"end":{"line":21,"column":25}},"loc":{"start":{"line":21,"column":37},"end":{"line":21,"column":64}}},"7":{"name":"(anonymous_7)","decl":{"start":{"line":22,"column":24},"end":{"line":22,"column":25}},"loc":{"start":{"line":22,"column":37},"end":{"line":22,"column":64}}},"8":{"name":"(anonymous_8)","decl":{"start":{"line":26,"column":29},"end":{"line":26,"column":33}},"loc":{"start":{"line":26,"column":37},"end":{"line":26,"column":59}}},"9":{"name":"(anonymous_9)","decl":{"start":{"line":29,"column":4},"end":{"line":29,"column":10}},"loc":{"start":{"line":29,"column":42},"end":{"line":36,"column":5}}},"10":{"name":"(anonymous_10)","decl":{"start":{"line":30,"column":23},"end":{"line":30,"column":24}},"loc":{"start":{"line":30,"column":35},"end":{"line":32,"column":9}}},"11":{"name":"(anonymous_11)","decl":{"start":{"line":38,"column":4},"end":{"line":38,"column":10}},"loc":{"start":{"line":38,"column":38},"end":{"line":44,"column":5}}},"12":{"name":"(anonymous_12)","decl":{"start":{"line":41,"column":32},"end":{"line":41,"column":33}},"loc":{"start":{"line":41,"column":42},"end":{"line":43,"column":9}}},"13":{"name":"(anonymous_13)","decl":{"start":{"line":46,"column":4},"end":{"line":46,"column":10}},"loc":{"start":{"line":46,"column":46},"end":{"line":48,"column":5}}},"14":{"name":"(anonymous_14)","decl":{"start":{"line":47,"column":26},"end":{"line":47,"column":27}},"loc":{"start":{"line":47,"column":40},"end":{"line":47,"column":54}}},"15":{"name":"(anonymous_15)","decl":{"start":{"line":50,"column":4},"end":{"line":50,"column":10}},"loc":{"start":{"line":50,"column":37},"end":{"line":55,"column":5}}},"16":{"name":"(anonymous_16)","decl":{"start":{"line":51,"column":45},"end":{"line":51,"column":46}},"loc":{"start":{"line":51,"column":80},"end":{"line":54,"column":9}}},"17":{"name":"(anonymous_17)","decl":{"start":{"line":57,"column":4},"end":{"line":57,"column":10}},"loc":{"start":{"line":57,"column":64},"end":{"line":61,"column":5}}},"18":{"name":"(anonymous_18)","decl":{"start":{"line":63,"column":4},"end":{"line":63,"column":10}},"loc":{"start":{"line":63,"column":43},"end":{"line":68,"column":5}}},"19":{"name":"(anonymous_19)","decl":{"start":{"line":70,"column":4},"end":{"line":70,"column":10}},"loc":{"start":{"line":70,"column":57},"end":{"line":76,"column":5}}},"20":{"name":"(anonymous_20)","decl":{"start":{"line":71,"column":27},"end":{"line":71,"column":28}},"loc":{"start":{"line":71,"column":39},"end":{"line":75,"column":9}}},"21":{"name":"(anonymous_21)","decl":{"start":{"line":72,"column":23},"end":{"line":72,"column":26}},"loc":{"start":{"line":72,"column":28},"end":{"line":74,"column":13}}}},"branchMap":{"0":{"loc":{"start":{"line":3,"column":15},"end":{"line":3,"column":61}},"type":"cond-expr","locations":[{"start":{"line":3,"column":36},"end":{"line":3,"column":40}},{"start":{"line":3,"column":43},"end":{"line":3,"column":61}}]},"1":{"loc":{"start":{"line":8,"column":15},"end":{"line":8,"column":61}},"type":"cond-expr","locations":[{"start":{"line":8,"column":36},"end":{"line":8,"column":40}},{"start":{"line":8,"column":43},"end":{"line":8,"column":61}}]},"2":{"loc":{"start":{"line":20,"column":8},"end":{"line":25,"column":9}},"type":"if","locations":[{"start":{"line":20,"column":8},"end":{"line":25,"column":9}}]},"3":{"loc":{"start":{"line":21,"column":12},"end":{"line":22,"column":65}},"type":"binary-expr","locations":[{"start":{"line":21,"column":12},"end":{"line":21,"column":65}},{"start":{"line":22,"column":12},"end":{"line":22,"column":65}}]},"4":{"loc":{"start":{"line":30,"column":8},"end":{"line":34,"column":9}},"type":"if","locations":[{"start":{"line":30,"column":8},"end":{"line":34,"column":9}}]},"5":{"loc":{"start":{"line":39,"column":8},"end":{"line":39,"column":25}},"type":"if","locations":[{"start":{"line":39,"column":8},"end":{"line":39,"column":25}}]},"6":{"loc":{"start":{"line":64,"column":8},"end":{"line":66,"column":9}},"type":"if","locations":[{"start":{"line":64,"column":8},"end":{"line":66,"column":9}}]}},"s":{"0":9,"1":9,"2":9,"3":36,"4":3,"5":9,"6":28,"7":20,"8":1,"9":8,"10":21,"11":8,"12":42,"13":1,"14":7,"15":5,"16":1,"17":4,"18":8,"19":4,"20":8,"21":3,"22":5,"23":5,"24":0,"25":0,"26":0,"27":3,"28":1,"29":2,"30":1,"31":1,"32":1,"33":4},"f":{"0":9,"1":9,"2":9,"3":36,"4":3,"5":9,"6":28,"7":20,"8":21,"9":8,"10":42,"11":5,"12":8,"13":4,"14":8,"15":3,"16":5,"17":0,"18":3,"19":1,"20":1,"21":1},"b":{"0":[1,8],"1":[1,8],"2":[1],"3":[9,8],"4":[1],"5":[1],"6":[1]}}
}
