TN:
SF:src/soma.ts
FN:1,soma
FN:5,subtracao
FN:9,multiplicacao
FN:13,divisao
FNF:4
FNH:1
FNDA:4,soma
FNDA:0,subtracao
FNDA:0,multiplicacao
FNDA:0,divisao
DA:1,1
DA:2,4
DA:5,1
DA:6,0
DA:9,1
DA:10,0
DA:13,1
DA:14,0
DA:15,0
DA:17,0
LF:10
LH:5
BRDA:14,0,0,0
BRF:1
BRH:0
end_of_record
TN:
SF:src/utils.ts
FN:2,(anonymous_0)
FN:7,(anonymous_1)
FN:11,(anonymous_2)
FN:12,(anonymous_3)
FN:15,(anonymous_4)
FN:19,(anonymous_5)
FN:21,(anonymous_6)
FN:22,(anonymous_7)
FN:26,(anonymous_8)
FN:29,(anonymous_9)
FN:30,(anonymous_10)
FN:38,(anonymous_11)
FN:41,(anonymous_12)
FN:46,(anonymous_13)
FN:47,(anonymous_14)
FN:50,(anonymous_15)
FN:51,(anonymous_16)
FN:57,(anonymous_17)
FN:63,(anonymous_18)
FN:70,(anonymous_19)
FN:71,(anonymous_20)
FN:72,(anonymous_21)
FNF:22
FNH:21
FNDA:9,(anonymous_0)
FNDA:9,(anonymous_1)
FNDA:9,(anonymous_2)
FNDA:36,(anonymous_3)
FNDA:3,(anonymous_4)
FNDA:9,(anonymous_5)
FNDA:28,(anonymous_6)
FNDA:20,(anonymous_7)
FNDA:21,(anonymous_8)
FNDA:8,(anonymous_9)
FNDA:42,(anonymous_10)
FNDA:5,(anonymous_11)
FNDA:8,(anonymous_12)
FNDA:4,(anonymous_13)
FNDA:8,(anonymous_14)
FNDA:3,(anonymous_15)
FNDA:5,(anonymous_16)
FNDA:0,(anonymous_17)
FNDA:3,(anonymous_18)
FNDA:1,(anonymous_19)
FNDA:1,(anonymous_20)
FNDA:1,(anonymous_21)
DA:1,4
DA:3,9
DA:8,9
DA:12,36
DA:16,3
DA:20,9
DA:21,28
DA:22,20
DA:24,1
DA:26,21
DA:30,8
DA:31,42
DA:33,1
DA:35,7
DA:39,5
DA:41,4
DA:42,8
DA:47,8
DA:51,3
DA:52,5
DA:53,5
DA:58,0
DA:59,0
DA:60,0
DA:64,3
DA:65,1
DA:67,2
DA:71,1
DA:72,1
DA:73,1
LF:30
LH:27
BRDA:3,0,0,1
BRDA:3,0,1,8
BRDA:8,1,0,1
BRDA:8,1,1,8
BRDA:20,2,0,1
BRDA:21,3,0,9
BRDA:21,3,1,8
BRDA:30,4,0,1
BRDA:39,5,0,1
BRDA:64,6,0,1
BRF:10
BRH:10
end_of_record
